#
# There is insufficient memory for the Java Runtime Environment to continue.
# Native memory allocation (malloc) failed to allocate 1334736 bytes for Chunk::new
# Possible reasons:
#   The system is out of physical RAM or swap space
#   The process is running with CompressedOops enabled, and the Java Heap may be blocking the growth of the native heap
# Possible solutions:
#   Reduce memory load on the system
#   Increase physical memory or swap space
#   Check if swap backing store is full
#   Decrease Java heap size (-Xmx/-Xms)
#   Decrease number of Java threads
#   Decrease Java thread stack sizes (-Xss)
#   Set larger code cache with -XX:ReservedCodeCacheSize=
#   JVM is running with Unscaled Compressed Oops mode in which the Java heap is
#     placed in the first 4GB address space. The Java Heap base address is the
#     maximum limit for the native heap growth. Please use -XX:HeapBaseMinAddress
#     to set the Java Heap base and to place the Java Heap above 4GB virtual address.
# This output file may be truncated or incomplete.
#
#  Out of Memory Error (allocation.cpp:389), pid=976, tid=0x0000000000003034
#
# JRE version: OpenJDK Runtime Environment (8.0_202-b03) (build 1.8.0_202-release-1483-b03)
# Java VM: OpenJDK 64-Bit Server VM (25.202-b03 mixed mode windows-amd64 compressed oops)
# Failed to write core dump. Minidumps are not enabled by default on client versions of Windows
#

---------------  T H R E A D  ---------------

Current thread (0x0000000015bbb000):  JavaThread "C2 CompilerThread0" daemon [_thread_in_native, id=12340, stack(0x0000000016c00000,0x0000000016d00000)]

Stack: [0x0000000016c00000,0x0000000016d00000]
[error occurred during error reporting (printing stack bounds), id 0xc0000005]

Native frames: (J=compiled Java code, j=interpreted, Vv=VM code, C=native code)


Current CompileTask:
C2:14894744 19531       4       com.android.tools.r8.dex.c::a (492 bytes)


---------------  P R O C E S S  ---------------

Java Threads: ( => current thread )
  0x000000001ab13000 JavaThread "WorkerExecutor Queue Thread 4" [_thread_blocked, id=6500, stack(0x000000002de20000,0x000000002df20000)]
  0x00000000188ed000 JavaThread "RMI TCP Connection(idle)" daemon [_thread_blocked, id=10112, stack(0x000000002dd20000,0x000000002de20000)]
  0x000000001ac48000 JavaThread "Cache worker for Java compile cache (E:\Data\Tugas Kuliah\Semester 7\TA\Klasifikasi Beras\Rice-Variety-Classification\.gradle\5.4.1\javaCompile)" [_thread_blocked, id=5092, stack(0x000000002dc20000,0x000000002dd20000)]
  0x000000001ac4c800 JavaThread "RMI TCP Connection(idle)" daemon [_thread_blocked, id=13588, stack(0x000000002db20000,0x000000002dc20000)]
  0x000000001ac49800 JavaThread "WorkerExecutor Queue Thread 3" [_thread_blocked, id=9384, stack(0x000000002d920000,0x000000002da20000)]
  0x000000001ac4e000 JavaThread "stdout" [_thread_in_native, id=12784, stack(0x000000002d820000,0x000000002d920000)]
  0x00000000188eb000 JavaThread "stderr" [_thread_in_native, id=14580, stack(0x000000002d720000,0x000000002d820000)]
  0x00000000188e9800 JavaThread "stdout" [_thread_in_native, id=2556, stack(0x000000002d520000,0x000000002d620000)]
  0x00000000188e8000 JavaThread "stderr" [_thread_in_native, id=4072, stack(0x000000002d420000,0x000000002d520000)]
  0x00000000188ee000 JavaThread "pool-12-thread-1" [_thread_blocked, id=16784, stack(0x000000002d320000,0x000000002d420000)]
  0x00000000188e8800 JavaThread "Cache worker for execution history cache (E:\Data\Tugas Kuliah\Semester 7\TA\Klasifikasi Beras\Rice-Variety-Classification\.gradle\5.4.1\executionHistory)" [_thread_blocked, id=4904, stack(0x000000002d120000,0x000000002d220000)]
  0x00000000188e0800 JavaThread "Execution worker for ':'" [_thread_blocked, id=17908, stack(0x000000002d020000,0x000000002d120000)]
  0x00000000188e7000 JavaThread "Cache worker for file content cache (E:\Data\Tugas Kuliah\Semester 7\TA\Klasifikasi Beras\Rice-Variety-Classification\.gradle\5.4.1\fileContent)" [_thread_blocked, id=16520, stack(0x000000002cf20000,0x000000002d020000)]
  0x00000000188e5000 JavaThread "Cache worker for Build Output Cleanup Cache (E:\Data\Tugas Kuliah\Semester 7\TA\Klasifikasi Beras\Rice-Variety-Classification\.gradle\buildOutputCleanup)" [_thread_blocked, id=8068, stack(0x000000002ce20000,0x000000002cf20000)]
  0x00000000188e4000 JavaThread "pool-11-thread-1" [_thread_blocked, id=8892, stack(0x000000002cd20000,0x000000002ce20000)]
  0x00000000188df800 JavaThread "Build operations Thread 2" [_thread_blocked, id=11760, stack(0x000000002cc20000,0x000000002cd20000)]
  0x00000000188e3800 JavaThread "Build operations" [_thread_blocked, id=12728, stack(0x000000002cb20000,0x000000002cc20000)]
  0x00000000188e2800 JavaThread "Cache worker for cache directory md-rule (C:\Users\Vidi Fitriansyah H\.gradle\caches\5.4.1\md-rule)" [_thread_blocked, id=6884, stack(0x000000002ca20000,0x000000002cb20000)]
  0x000000001c4a6000 JavaThread "Cache worker for cache directory md-supplier (C:\Users\Vidi Fitriansyah H\.gradle\caches\5.4.1\md-supplier)" [_thread_blocked, id=16128, stack(0x000000002c920000,0x000000002ca20000)]
  0x000000001c4a4000 JavaThread "Cache worker for file hash cache (E:\Data\Tugas Kuliah\Semester 7\TA\Klasifikasi Beras\Rice-Variety-Classification\.gradle\5.4.1\fileHashes)" [_thread_blocked, id=8972, stack(0x000000002c820000,0x000000002c920000)]
  0x000000001c4aa000 JavaThread "Thread-100" [_thread_blocked, id=14412, stack(0x000000002c720000,0x000000002c820000)]
  0x000000001c4a7800 JavaThread "Asynchronous log dispatcher for DefaultDaemonConnection: socket connection from /127.0.0.1:57901 to /127.0.0.1:62517" [_thread_blocked, id=7552, stack(0x000000002c520000,0x000000002c620000)]
  0x000000001c4a4800 JavaThread "Daemon worker Thread 5" [_thread_in_native, id=3308, stack(0x000000002c420000,0x000000002c520000)]
  0x000000001c4a7000 JavaThread "Cancel handler" [_thread_blocked, id=10508, stack(0x000000002c320000,0x000000002c420000)]
  0x000000001c4a9000 JavaThread "Handler for socket connection from /127.0.0.1:57901 to /127.0.0.1:62517" [_thread_in_native, id=5100, stack(0x000000002c220000,0x000000002c320000)]
  0x000000001c4a3000 JavaThread "Daemon Thread 5" [_thread_blocked, id=14824, stack(0x000000002c120000,0x000000002c220000)]
  0x000000001ac4f000 JavaThread "RMI Reaper" [_thread_blocked, id=1976, stack(0x000000002b220000,0x000000002b320000)]
  0x000000001ac4c000 JavaThread "GC Daemon" daemon [_thread_blocked, id=16180, stack(0x000000002b120000,0x000000002b220000)]
  0x000000001c4a8800 JavaThread "RMI TCP Accept-0" daemon [_thread_in_native, id=15096, stack(0x0000000028e20000,0x0000000028f20000)]
  0x000000001ac4d800 JavaThread "Cache worker for Java compile cache (C:\Users\Vidi Fitriansyah H\.gradle\caches\5.4.1\javaCompile)" [_thread_blocked, id=15540, stack(0x00000000240b0000,0x00000000241b0000)]
  0x00000000188df000 JavaThread "RMI Scheduler(0)" daemon [_thread_blocked, id=12572, stack(0x0000000023cb0000,0x0000000023db0000)]
  0x00000000188eb800 JavaThread "Cache worker for file content cache (C:\Users\Vidi Fitriansyah H\.gradle\caches\5.4.1\fileContent)" [_thread_blocked, id=10012, stack(0x0000000021ee0000,0x0000000021fe0000)]
  0x00000000188e2000 JavaThread "Memory manager" [_thread_blocked, id=10628, stack(0x000000001ef30000,0x000000001f030000)]
  0x00000000188e5800 JavaThread "Cache worker for execution history cache (C:\Users\Vidi Fitriansyah H\.gradle\caches\5.4.1\executionHistory)" [_thread_blocked, id=17484, stack(0x000000001dbb0000,0x000000001dcb0000)]
  0x000000001716a800 JavaThread "Cache worker for journal cache (C:\Users\Vidi Fitriansyah H\.gradle\caches\journal-1)" [_thread_blocked, id=14396, stack(0x000000001a310000,0x000000001a410000)]
  0x0000000017169800 JavaThread "File lock request listener" [_thread_in_native, id=16796, stack(0x000000001a210000,0x000000001a310000)]
  0x0000000017168000 JavaThread "Cache worker for file hash cache (C:\Users\Vidi Fitriansyah H\.gradle\caches\5.4.1\fileHashes)" [_thread_blocked, id=5968, stack(0x000000001a110000,0x000000001a210000)]
  0x00000000171ed800 JavaThread "Daemon periodic checks" [_thread_blocked, id=11308, stack(0x0000000019710000,0x0000000019810000)]
  0x00000000177fe000 JavaThread "Incoming local TCP Connector on port 57901" [_thread_in_native, id=8164, stack(0x0000000019210000,0x0000000019310000)]
  0x0000000017bf7000 JavaThread "Daemon health stats" [_thread_blocked, id=16212, stack(0x0000000018bd0000,0x0000000018cd0000)]
  0x0000000015c1c800 JavaThread "Service Thread" daemon [_thread_blocked, id=8364, stack(0x0000000016e00000,0x0000000016f00000)]
  0x0000000015bbd000 JavaThread "C1 CompilerThread1" daemon [_thread_blocked, id=8264, stack(0x0000000016d00000,0x0000000016e00000)]
=>0x0000000015bbb000 JavaThread "C2 CompilerThread0" daemon [_thread_in_native, id=12340, stack(0x0000000016c00000,0x0000000016d00000)]
  0x0000000015bb8800 JavaThread "Attach Listener" daemon [_thread_blocked, id=6428, stack(0x0000000016b00000,0x0000000016c00000)]
  0x0000000015bb5000 JavaThread "Signal Dispatcher" daemon [_thread_blocked, id=4060, stack(0x0000000016a00000,0x0000000016b00000)]
  0x0000000002481800 JavaThread "Finalizer" daemon [_thread_blocked, id=9744, stack(0x0000000016810000,0x0000000016910000)]
  0x0000000015ba7000 JavaThread "Reference Handler" daemon [_thread_blocked, id=9380, stack(0x0000000016710000,0x0000000016810000)]
  0x00000000003ee800 JavaThread "main" [_thread_blocked, id=10816, stack(0x00000000020e0000,0x00000000021e0000)]

Other Threads:
  0x0000000015b84800 VMThread [stack: 0x0000000016610000,0x0000000016710000] [id=2516]
  0x0000000015c1f800 WatcherThread [stack: 0x0000000016f00000,0x0000000017000000] [id=1560]

VM state:not at safepoint (normal execution)

VM Mutex/Monitor currently owned by a thread: None

heap address: 0x00000000a0000000, size: 1536 MB, Compressed Oops mode: 32-bit
Narrow klass base: 0x0000000000000000, Narrow klass shift: 3
Compressed class space size: 1073741824 Address: 0x0000000100000000

Heap:
 PSYoungGen      total 304640K, used 236598K [0x00000000e0000000, 0x00000000f9280000, 0x0000000100000000)
  eden space 247808K, 76% used [0x00000000e0000000,0x00000000eb8e7b90,0x00000000ef200000)
  from space 56832K, 83% used [0x00000000ef200000,0x00000000f2025eb8,0x00000000f2980000)
  to   space 62976K, 0% used [0x00000000f5500000,0x00000000f5500000,0x00000000f9280000)
 ParOldGen       total 150528K, used 61715K [0x00000000a0000000, 0x00000000a9300000, 0x00000000e0000000)
  object space 150528K, 40% used [0x00000000a0000000,0x00000000a3c44de8,0x00000000a9300000)
 Metaspace       used 91400K, capacity 94942K, committed 95192K, reserved 1132544K
  class space    used 11831K, capacity 12502K, committed 12504K, reserved 1048576K

Card table byte_map: [0x0000000011850000,0x0000000011b60000] byte_map_base: 0x0000000011350000

Marking Bits: (ParMarkBitMap*) 0x000000005a0f9f30
 Begin Bits: [0x0000000011f60000, 0x0000000013760000)
 End Bits:   [0x0000000013760000, 0x0000000014f60000)

Polling page: 0x00000000008d0000

CodeCache: size=245760Kb used=52655Kb max_used=52674Kb free=193104Kb
 bounds [0x0000000002490000, 0x0000000005860000, 0x0000000011490000]
 total_blobs=16192 nmethods=15309 adapters=796
 compilation: enabled

Compilation events (10 events):
Event: 14889.363 Thread 0x0000000015bbd000 19534       1       com.android.tools.r8.code.x1::getOpcode (4 bytes)
Event: 14889.363 Thread 0x0000000015bbd000 nmethod 19534 0x0000000005808e90 code [0x0000000005808fe0, 0x00000000058090f0]
Event: 14889.524 Thread 0x0000000015bbd000 19537       2       com.android.tools.r8.graph.ParameterAnnotationsList::d (35 bytes)
Event: 14889.524 Thread 0x0000000015bbd000 nmethod 19537 0x0000000005808b50 code [0x0000000005808ca0, 0x0000000005808e10]
Event: 14889.524 Thread 0x0000000015bbd000 19538       2       com.android.tools.r8.graph.ParameterAnnotationsList::get (53 bytes)
Event: 14889.524 Thread 0x0000000015bbd000 nmethod 19538 0x00000000058087d0 code [0x0000000005808920, 0x0000000005808ab0]
Event: 14889.620 Thread 0x0000000015bbb000 nmethod 19504 0x000000000582f890 code [0x0000000005830700, 0x00000000058384a0]
Event: 14889.620 Thread 0x0000000015bbb000 19535       4       com.android.tools.r8.dex.c::a (121 bytes)
Event: 14889.694 Thread 0x0000000015bbb000 nmethod 19535 0x000000000584ab10 code [0x000000000584ade0, 0x000000000584cd90]
Event: 14889.694 Thread 0x0000000015bbb000 19531       4       com.android.tools.r8.dex.c::a (492 bytes)

GC Heap History (10 events):
Event: 13222.309 GC heap before
{Heap before GC invocations=31 (full 6):
 PSYoungGen      total 245760K, used 6544K [0x00000000e0000000, 0x00000000f3980000, 0x0000000100000000)
  eden space 197120K, 0% used [0x00000000e0000000,0x00000000e0000000,0x00000000ec080000)
  from space 48640K, 13% used [0x00000000ec080000,0x00000000ec6e4120,0x00000000ef000000)
  to   space 47616K, 0% used [0x00000000f0b00000,0x00000000f0b00000,0x00000000f3980000)
 ParOldGen       total 171520K, used 149721K [0x00000000a0000000, 0x00000000aa780000, 0x00000000e0000000)
  object space 171520K, 87% used [0x00000000a0000000,0x00000000a92367e0,0x00000000aa780000)
 Metaspace       used 89818K, capacity 93146K, committed 93400K, reserved 1130496K
  class space    used 11785K, capacity 12452K, committed 12504K, reserved 1048576K
Event: 13238.029 GC heap after
Heap after GC invocations=31 (full 6):
 PSYoungGen      total 245760K, used 0K [0x00000000e0000000, 0x00000000f3980000, 0x0000000100000000)
  eden space 197120K, 0% used [0x00000000e0000000,0x00000000e0000000,0x00000000ec080000)
  from space 48640K, 0% used [0x00000000ec080000,0x00000000ec080000,0x00000000ef000000)
  to   space 47616K, 0% used [0x00000000f0b00000,0x00000000f0b00000,0x00000000f3980000)
 ParOldGen       total 150528K, used 39921K [0x00000000a0000000, 0x00000000a9300000, 0x00000000e0000000)
  object space 150528K, 26% used [0x00000000a0000000,0x00000000a26fc728,0x00000000a9300000)
 Metaspace       used 89052K, capacity 91854K, committed 93400K, reserved 1130496K
  class space    used 11663K, capacity 12228K, committed 12504K, reserved 1048576K
}
Event: 13334.228 GC heap before
{Heap before GC invocations=32 (full 6):
 PSYoungGen      total 245760K, used 197120K [0x00000000e0000000, 0x00000000f3980000, 0x0000000100000000)
  eden space 197120K, 100% used [0x00000000e0000000,0x00000000ec080000,0x00000000ec080000)
  from space 48640K, 0% used [0x00000000ec080000,0x00000000ec080000,0x00000000ef000000)
  to   space 47616K, 0% used [0x00000000f0b00000,0x00000000f0b00000,0x00000000f3980000)
 ParOldGen       total 150528K, used 39921K [0x00000000a0000000, 0x00000000a9300000, 0x00000000e0000000)
  object space 150528K, 26% used [0x00000000a0000000,0x00000000a26fc728,0x00000000a9300000)
 Metaspace       used 89635K, capacity 92694K, committed 93656K, reserved 1130496K
  class space    used 11721K, capacity 12330K, committed 12504K, reserved 1048576K
Event: 13334.442 GC heap after
Heap after GC invocations=32 (full 6):
 PSYoungGen      total 254976K, used 10784K [0x00000000e0000000, 0x00000000f2e80000, 0x0000000100000000)
  eden space 218624K, 0% used [0x00000000e0000000,0x00000000e0000000,0x00000000ed580000)
  from space 36352K, 29% used [0x00000000f0b00000,0x00000000f1588020,0x00000000f2e80000)
  to   space 45568K, 0% used [0x00000000ed580000,0x00000000ed580000,0x00000000f0200000)
 ParOldGen       total 150528K, used 39929K [0x00000000a0000000, 0x00000000a9300000, 0x00000000e0000000)
  object space 150528K, 26% used [0x00000000a0000000,0x00000000a26fe728,0x00000000a9300000)
 Metaspace       used 89635K, capacity 92694K, committed 93656K, reserved 1130496K
  class space    used 11721K, capacity 12330K, committed 12504K, reserved 1048576K
}
Event: 13419.505 GC heap before
{Heap before GC invocations=33 (full 6):
 PSYoungGen      total 254976K, used 229408K [0x00000000e0000000, 0x00000000f2e80000, 0x0000000100000000)
  eden space 218624K, 100% used [0x00000000e0000000,0x00000000ed580000,0x00000000ed580000)
  from space 36352K, 29% used [0x00000000f0b00000,0x00000000f1588020,0x00000000f2e80000)
  to   space 45568K, 0% used [0x00000000ed580000,0x00000000ed580000,0x00000000f0200000)
 ParOldGen       total 150528K, used 39929K [0x00000000a0000000, 0x00000000a9300000, 0x00000000e0000000)
  object space 150528K, 26% used [0x00000000a0000000,0x00000000a26fe728,0x00000000a9300000)
 Metaspace       used 90319K, capacity 93578K, committed 94168K, reserved 1130496K
  class space    used 11759K, capacity 12392K, committed 12504K, reserved 1048576K
Event: 13421.621 GC heap after
Heap after GC invocations=33 (full 6):
 PSYoungGen      total 264192K, used 45547K [0x00000000e0000000, 0x00000000f6600000, 0x0000000100000000)
  eden space 218624K, 0% used [0x00000000e0000000,0x00000000e0000000,0x00000000ed580000)
  from space 45568K, 99% used [0x00000000ed580000,0x00000000f01fadf0,0x00000000f0200000)
  to   space 58880K, 0% used [0x00000000f2c80000,0x00000000f2c80000,0x00000000f6600000)
 ParOldGen       total 150528K, used 53925K [0x00000000a0000000, 0x00000000a9300000, 0x00000000e0000000)
  object space 150528K, 35% used [0x00000000a0000000,0x00000000a34a95b8,0x00000000a9300000)
 Metaspace       used 90319K, capacity 93578K, committed 94168K, reserved 1130496K
  class space    used 11759K, capacity 12392K, committed 12504K, reserved 1048576K
}
Event: 14654.598 GC heap before
{Heap before GC invocations=34 (full 6):
 PSYoungGen      total 264192K, used 264171K [0x00000000e0000000, 0x00000000f6600000, 0x0000000100000000)
  eden space 218624K, 100% used [0x00000000e0000000,0x00000000ed580000,0x00000000ed580000)
  from space 45568K, 99% used [0x00000000ed580000,0x00000000f01fadf0,0x00000000f0200000)
  to   space 58880K, 0% used [0x00000000f2c80000,0x00000000f2c80000,0x00000000f6600000)
 ParOldGen       total 150528K, used 53925K [0x00000000a0000000, 0x00000000a9300000, 0x00000000e0000000)
  object space 150528K, 35% used [0x00000000a0000000,0x00000000a34a95b8,0x00000000a9300000)
 Metaspace       used 90754K, capacity 94184K, committed 94424K, reserved 1130496K
  class space    used 11803K, capacity 12473K, committed 12504K, reserved 1048576K
Event: 14665.031 GC heap after
Heap after GC invocations=34 (full 6):
 PSYoungGen      total 301568K, used 26033K [0x00000000e0000000, 0x00000000f6100000, 0x0000000100000000)
  eden space 247808K, 0% used [0x00000000e0000000,0x00000000e0000000,0x00000000ef200000)
  from space 53760K, 48% used [0x00000000f2c80000,0x00000000f45ec6f0,0x00000000f6100000)
  to   space 56832K, 0% used [0x00000000ef200000,0x00000000ef200000,0x00000000f2980000)
 ParOldGen       total 150528K, used 61707K [0x00000000a0000000, 0x00000000a9300000, 0x00000000e0000000)
  object space 150528K, 40% used [0x00000000a0000000,0x00000000a3c42de8,0x00000000a9300000)
 Metaspace       used 90754K, capacity 94184K, committed 94424K, reserved 1130496K
  class space    used 11803K, capacity 12473K, committed 12504K, reserved 1048576K
}
Event: 14876.508 GC heap before
{Heap before GC invocations=35 (full 6):
 PSYoungGen      total 301568K, used 273841K [0x00000000e0000000, 0x00000000f6100000, 0x0000000100000000)
  eden space 247808K, 100% used [0x00000000e0000000,0x00000000ef200000,0x00000000ef200000)
  from space 53760K, 48% used [0x00000000f2c80000,0x00000000f45ec6f0,0x00000000f6100000)
  to   space 56832K, 0% used [0x00000000ef200000,0x00000000ef200000,0x00000000f2980000)
 ParOldGen       total 150528K, used 61707K [0x00000000a0000000, 0x00000000a9300000, 0x00000000e0000000)
  object space 150528K, 40% used [0x00000000a0000000,0x00000000a3c42de8,0x00000000a9300000)
 Metaspace       used 91384K, capacity 94938K, committed 95192K, reserved 1132544K
  class space    used 11831K, capacity 12502K, committed 12504K, reserved 1048576K
Event: 14882.145 GC heap after
Heap after GC invocations=35 (full 6):
 PSYoungGen      total 304640K, used 47255K [0x00000000e0000000, 0x00000000f9280000, 0x0000000100000000)
  eden space 247808K, 0% used [0x00000000e0000000,0x00000000e0000000,0x00000000ef200000)
  from space 56832K, 83% used [0x00000000ef200000,0x00000000f2025eb8,0x00000000f2980000)
  to   space 62976K, 0% used [0x00000000f5500000,0x00000000f5500000,0x00000000f9280000)
 ParOldGen       total 150528K, used 61715K [0x00000000a0000000, 0x00000000a9300000, 0x00000000e0000000)
  object space 150528K, 40% used [0x00000000a0000000,0x00000000a3c44de8,0x00000000a9300000)
 Metaspace       used 91384K, capacity 94938K, committed 95192K, reserved 1132544K
  class space    used 11831K, capacity 12502K, committed 12504K, reserved 1048576K
}

Deoptimization events (10 events):
Event: 14836.646 Thread 0x000000001c4a4800 Uncommon trap: reason=array_check action=maybe_recompile pc=0x00000000052e66a4 method=java.util.ComparableTimSort.mergeLo(IIII)V @ 207
Event: 14836.718 Thread 0x000000001c4a4800 Uncommon trap: reason=predicate action=maybe_recompile pc=0x0000000005603c04 method=java.util.ComparableTimSort.mergeLo(IIII)V @ 147
Event: 14842.197 Thread 0x00000000188e0800 Uncommon trap: reason=unstable_if action=reinterpret pc=0x0000000005560f1c method=java.util.concurrent.ConcurrentLinkedQueue.offer(Ljava/lang/Object;)Z @ 72
Event: 14849.827 Thread 0x000000001c4a4800 Uncommon trap: reason=unstable_if action=reinterpret pc=0x0000000003b97100 method=java.util.concurrent.ConcurrentLinkedQueue.offer(Ljava/lang/Object;)Z @ 40
Event: 14850.356 Thread 0x00000000188e0800 Uncommon trap: reason=unstable_if action=reinterpret pc=0x0000000002a957d0 method=java.util.concurrent.ConcurrentLinkedQueue.offer(Ljava/lang/Object;)Z @ 40
Event: 14853.313 Thread 0x000000001ac49800 Uncommon trap: reason=array_check action=maybe_recompile pc=0x000000000557b36c method=java.util.TimSort.mergeLo(IIII)V @ 212
Event: 14853.313 Thread 0x000000001ac49800 Uncommon trap: reason=array_check action=maybe_recompile pc=0x0000000005581df8 method=java.util.TimSort.mergeHi(IIII)V @ 171
Event: 14853.313 Thread 0x000000001ac49800 Uncommon trap: reason=array_check action=maybe_recompile pc=0x000000000557b36c method=java.util.TimSort.mergeLo(IIII)V @ 212
Event: 14853.313 Thread 0x000000001ac49800 Uncommon trap: reason=array_check action=maybe_recompile pc=0x0000000005581df8 method=java.util.TimSort.mergeHi(IIII)V @ 171
Event: 14887.658 Thread 0x000000001ab13800 Uncommon trap: reason=null_check action=make_not_entrant pc=0x00000000054982dc method=com.android.tools.r8.dex.e.a(Lcom/android/tools/r8/graph/DexProgramClass;Lcom/android/tools/r8/graph/j;)Z @ 11

Classes redefined (0 events):
No events

Internal exceptions (10 events):
Event: 14853.606 Thread 0x000000001ac49800 Exception <a 'sun/nio/fs/WindowsException'> (0x00000000ecda38f8) thrown at [D:\src\AOSP-openjdk-cygwin\jdk8u\hotspot\src\share\vm\prims\jni.cpp, line 710]
Event: 14853.613 Thread 0x000000001ac49800 Exception <a 'sun/nio/fs/WindowsException'> (0x00000000ecda9e50) thrown at [D:\src\AOSP-openjdk-cygwin\jdk8u\hotspot\src\share\vm\prims\jni.cpp, line 710]
Event: 14853.623 Thread 0x000000001ac49800 Exception <a 'sun/nio/fs/WindowsException'> (0x00000000ecdb1100) thrown at [D:\src\AOSP-openjdk-cygwin\jdk8u\hotspot\src\share\vm\prims\jni.cpp, line 710]
Event: 14853.684 Thread 0x000000001ac49800 Exception <a 'sun/nio/fs/WindowsException'> (0x00000000ecdb7568) thrown at [D:\src\AOSP-openjdk-cygwin\jdk8u\hotspot\src\share\vm\prims\jni.cpp, line 710]
Event: 14853.688 Thread 0x000000001ac49800 Exception <a 'sun/nio/fs/WindowsException'> (0x00000000ecdbd818) thrown at [D:\src\AOSP-openjdk-cygwin\jdk8u\hotspot\src\share\vm\prims\jni.cpp, line 710]
Event: 14853.742 Thread 0x000000001ac49800 Exception <a 'sun/nio/fs/WindowsException'> (0x00000000ecdc3a98) thrown at [D:\src\AOSP-openjdk-cygwin\jdk8u\hotspot\src\share\vm\prims\jni.cpp, line 710]
Event: 14856.418 Thread 0x00000000188e0800 Exception <a 'java/io/FileNotFoundException'> (0x00000000ed7e96f8) thrown at [D:\src\AOSP-openjdk-cygwin\jdk8u\hotspot\src\share\vm\prims\jni.cpp, line 710]
Event: 14876.151 Thread 0x000000001ab13000 Exception <a 'sun/nio/fs/WindowsException'> (0x00000000eda44b30) thrown at [D:\src\AOSP-openjdk-cygwin\jdk8u\hotspot\src\share\vm\prims\jni.cpp, line 710]
Event: 14887.658 Thread 0x000000001ab13800 Implicit null exception at 0x0000000005496454 to 0x00000000054982b9
Event: 14889.731 Thread 0x000000001ab13800 Exception <a 'sun/nio/fs/WindowsException'> (0x00000000eb71cae8) thrown at [D:\src\AOSP-openjdk-cygwin\jdk8u\hotspot\src\share\vm\prims\jni.cpp, line 710]

Events (10 events):
Event: 14887.658 Thread 0x000000001ab13800 DEOPT PACKING pc=0x00000000054982dc sp=0x000000002e01ed00
Event: 14887.658 Thread 0x000000001ab13800 DEOPT UNPACKING pc=0x00000000024d557b sp=0x000000002e01eb00 mode 2
Event: 14888.413 Thread 0x000000001ab13800 DEOPT PACKING pc=0x0000000004abd37a sp=0x000000002e01e880
Event: 14888.418 Thread 0x000000001ab13800 DEOPT UNPACKING pc=0x00000000024d71d0 sp=0x000000002e01ea78 mode 0
Event: 14889.774 Executing VM operation: RevokeBias
Event: 14889.774 Executing VM operation: RevokeBias done
Event: 14889.774 Thread 0x000000001ab15000 Thread exited: 0x000000001ab15000
Event: 14889.782 Executing VM operation: RevokeBias
Event: 14889.813 Executing VM operation: RevokeBias done
Event: 14889.821 Thread 0x000000001ab13800 Thread exited: 0x000000001ab13800


Dynamic libraries:
0x00007ff6e0370000 - 0x00007ff6e03a1000 	C:\Program Files\Android\Android Studio\jre\bin\java.exe
0x00007ffede930000 - 0x00007ffedeb01000 	C:\WINDOWS\SYSTEM32\ntdll.dll
0x00007ffeddb90000 - 0x00007ffeddc3b000 	C:\WINDOWS\System32\KERNEL32.DLL
0x00007ffedb600000 - 0x00007ffedb81d000 	C:\WINDOWS\System32\KERNELBASE.dll
0x00007ffedc100000 - 0x00007ffedc1a2000 	C:\WINDOWS\System32\ADVAPI32.dll
0x00007ffedd980000 - 0x00007ffedda1e000 	C:\WINDOWS\System32\msvcrt.dll
0x00007ffedbfd0000 - 0x00007ffedc029000 	C:\WINDOWS\System32\sechost.dll
0x00007ffedbea0000 - 0x00007ffedbfc1000 	C:\WINDOWS\System32\RPCRT4.dll
0x00007ffedda20000 - 0x00007ffeddb85000 	C:\WINDOWS\System32\USER32.dll
0x00007ffedaea0000 - 0x00007ffedaebe000 	C:\WINDOWS\System32\win32u.dll
0x00007ffede850000 - 0x00007ffede884000 	C:\WINDOWS\System32\GDI32.dll
0x00007ffedbb40000 - 0x00007ffedbcc2000 	C:\WINDOWS\System32\gdi32full.dll
0x00007ffed7a30000 - 0x00007ffed7ca9000 	C:\WINDOWS\WinSxS\amd64_microsoft.windows.common-controls_6595b64144ccf1df_6.0.14393.0_none_2d0f50fcbdb171b8\COMCTL32.dll
0x00007ffeddfd0000 - 0x00007ffede297000 	C:\WINDOWS\System32\combase.dll
0x00007ffedb940000 - 0x00007ffedba35000 	C:\WINDOWS\System32\ucrtbase.dll
0x00007ffedb8d0000 - 0x00007ffedb93a000 	C:\WINDOWS\System32\bcryptPrimitives.dll
0x00007ffede820000 - 0x00007ffede84e000 	C:\WINDOWS\System32\IMM32.DLL
0x0000000059720000 - 0x00000000597f2000 	C:\Program Files\Android\Android Studio\jre\jre\bin\msvcr100.dll
0x0000000059930000 - 0x000000005a176000 	C:\Program Files\Android\Android Studio\jre\jre\bin\server\jvm.dll
0x00007ffede8a0000 - 0x00007ffede8a8000 	C:\WINDOWS\System32\PSAPI.DLL
0x00007ffecc290000 - 0x00007ffecc299000 	C:\WINDOWS\SYSTEM32\WSOCK32.dll
0x00007ffedc090000 - 0x00007ffedc0fa000 	C:\WINDOWS\System32\WS2_32.dll
0x00007ffed92d0000 - 0x00007ffed92f3000 	C:\WINDOWS\SYSTEM32\WINMM.dll
0x00007ffecf980000 - 0x00007ffecf98a000 	C:\WINDOWS\SYSTEM32\VERSION.dll
0x00007ffed9270000 - 0x00007ffed929b000 	C:\WINDOWS\SYSTEM32\WINMMBASE.dll
0x00007ffedbaf0000 - 0x00007ffedbb32000 	C:\WINDOWS\System32\cfgmgr32.dll
0x00007ffeb33c0000 - 0x00007ffeb33cf000 	C:\Program Files\Android\Android Studio\jre\jre\bin\verify.dll
0x00007ffea85e0000 - 0x00007ffea8609000 	C:\Program Files\Android\Android Studio\jre\jre\bin\java.dll
0x00007ffea83a0000 - 0x00007ffea83b6000 	C:\Program Files\Android\Android Studio\jre\jre\bin\zip.dll
0x00007ffedc3d0000 - 0x00007ffedd8d8000 	C:\WINDOWS\System32\SHELL32.dll
0x00007ffedaf20000 - 0x00007ffedb5fa000 	C:\WINDOWS\System32\windows.storage.dll
0x00007ffedae30000 - 0x00007ffedae7c000 	C:\WINDOWS\System32\powrprof.dll
0x00007ffeddf70000 - 0x00007ffeddfc2000 	C:\WINDOWS\System32\shlwapi.dll
0x00007ffedae90000 - 0x00007ffedae9f000 	C:\WINDOWS\System32\kernel.appcore.dll
0x00007ffedb820000 - 0x00007ffedb8c9000 	C:\WINDOWS\System32\shcore.dll
0x00007ffedae10000 - 0x00007ffedae24000 	C:\WINDOWS\System32\profapi.dll
0x00007ffea8360000 - 0x00007ffea837a000 	C:\Program Files\Android\Android Studio\jre\jre\bin\net.dll
0x00007ffeda6e0000 - 0x00007ffeda73c000 	C:\WINDOWS\system32\mswsock.dll
0x00007ffea8340000 - 0x00007ffea8351000 	C:\Program Files\Android\Android Studio\jre\jre\bin\nio.dll
0x00007ffed1510000 - 0x00007ffed1536000 	C:\Users\Vidi Fitriansyah H\.gradle\native\29\windows-amd64\native-platform.dll
0x00007ffeb33a0000 - 0x00007ffeb33ad000 	C:\Program Files\Android\Android Studio\jre\jre\bin\management.dll
0x00007ffeda880000 - 0x00007ffeda897000 	C:\WINDOWS\SYSTEM32\CRYPTSP.dll
0x00007ffeda2f0000 - 0x00007ffeda323000 	C:\WINDOWS\system32\rsaenh.dll
0x00007ffedad50000 - 0x00007ffedad7b000 	C:\WINDOWS\SYSTEM32\bcrypt.dll
0x00007ffeda560000 - 0x00007ffeda57f000 	C:\WINDOWS\SYSTEM32\USERENV.dll
0x00007ffedad40000 - 0x00007ffedad4b000 	C:\WINDOWS\SYSTEM32\CRYPTBASE.dll
0x00007ffeda470000 - 0x00007ffeda4a8000 	C:\WINDOWS\SYSTEM32\IPHLPAPI.DLL
0x00007ffede3e0000 - 0x00007ffede3e8000 	C:\WINDOWS\System32\NSI.dll
0x00007ffed1920000 - 0x00007ffed1936000 	C:\WINDOWS\SYSTEM32\dhcpcsvc6.DLL
0x00007ffed3220000 - 0x00007ffed323a000 	C:\WINDOWS\SYSTEM32\dhcpcsvc.DLL
0x00007ffed0b50000 - 0x00007ffed0b6e000 	C:\Users\Vidi Fitriansyah H\AppData\Local\Temp\native-platform1618232951590656443dir\native-platform.dll

VM Arguments:
jvm_args: -Xmx1536m -Dfile.encoding=windows-1252 -Duser.country=US -Duser.language=en -Duser.variant 
java_command: org.gradle.launcher.daemon.bootstrap.GradleDaemon 5.4.1
java_class_path (initial): C:\Users\Vidi Fitriansyah H\.gradle\wrapper\dists\gradle-5.4.1-all\3221gyojl5jsh0helicew7rwx\gradle-5.4.1\lib\gradle-launcher-5.4.1.jar
Launcher Type: SUN_STANDARD

Environment Variables:
PATH=C:\adb\adb_win_v1.0.26;C:\adb\adb_win_v1.0.26;C:\Program Files\Common Files\Microsoft Shared\Windows Live;C:\Program Files (x86)\Common Files\Microsoft Shared\Windows Live;C:\WINDOWS\system32;C:\WINDOWS;C:\WINDOWS\System32\Wbem;C:\WINDOWS\System32\WindowsPowerShell\v1.0\;C:\Program Files (x86)\Windows Live\Shared;C:\Program Files (x86)\MATLAB\R2009a\bin;C:\Program Files (x86)\MATLAB\R2009a\bin\win32;C:\Program Files (x86)\Common Files\lenovo\easyplussdk\bin;C:\Users\Vidi Fitriansyah H\AppData\Local\Programs\Python\Python36\Scripts;C:\Users\Vidi Fitriansyah H\AppData\Local\Programs\Python\Python36;C:\Python27;C:\Python37\Scripts;C:\Users\Vidi Fitriansyah H\AppData\Local\Microsoft\WindowsApps;C:\Program Files (x86)\IVI Foundation\VISA\WinNT\Bin\;C:\Program Files\IVI Foundation\VISA\Win64\Bin\;C:\Program Files (x86)\IVI Foundation\VISA\WinNT\Bin;C:\Users\Vidi Fitriansyah H\AppData\Local\Microsoft\WindowsApps;
USERNAME=Vidi Fitriansyah H
OS=Windows_NT
PROCESSOR_IDENTIFIER=Intel64 Family 6 Model 61 Stepping 4, GenuineIntel



---------------  S Y S T E M  ---------------

OS: Windows 10.0 , 64 bit Build 14393 (10.0.14393.0)

CPU:total 2 (initial active 2) (2 cores per cpu, 1 threads per core) family 6 model 61 stepping 4, cmov, cx8, fxsr, mmx, sse, sse2, sse3, ssse3, sse4.1, sse4.2, popcnt, clmul, erms, 3dnowpref, lzcnt, tsc, tscinvbit

Memory: 4k page, physical 4103692k(219260k free), swap 8224256k(7508k free)

vm_info: OpenJDK 64-Bit Server VM (25.202-b03) for windows-amd64 JRE (1.8.0_202-release-1483-b03), built by "builder" with MS VC++ 10.0 (VS2010)

time: Tue Dec 24 23:00:03 2019
timezone: SE Asia Standard Time
elapsed time: 14890 seconds (0d 4h 8m 10s)

